app/build/intermediates/manifest_merge_blame_file/demoDebug/manifest-merger-blame-demo-debug-report.txt
1<?xml version="1.0" encoding="utf-8"?>
2<manifest xmlns:android="http://schemas.android.com/apk/res/android"
3    package="com.dynatrace.sampleAndroid.demo"
4    android:versionCode="1"
5    android:versionName="1.0-demo" >
6
7    <uses-sdk
8        android:minSdkVersion="28"
8-->src/main/AndroidManifest.xml
9        android:targetSdkVersion="30" />
9-->src/main/AndroidManifest.xml
10
11    <uses-permission android:name="android.permission.INTERNET" />
11-->src/main/AndroidManifest.xml:5:5-67
11-->src/main/AndroidManifest.xml:5:22-64
12    <uses-permission android:name="android.permission.ACCESS_NETWORK_STATE" />
12-->src/main/AndroidManifest.xml:6:5-79
12-->src/main/AndroidManifest.xml:6:22-76
13
14    <application
14-->src/main/AndroidManifest.xml:8:5-39:19
15        android:allowBackup="true"
15-->src/main/AndroidManifest.xml:9:9-35
16        android:appComponentFactory="androidx.core.app.CoreComponentFactory"
16-->[androidx.core:core:1.5.0] AndroidManifest.xml:24:18-86
17        android:debuggable="true"
18        android:extractNativeLibs="false"
19        android:icon="@drawable/ic_dynatrace_shamrockgreen_700"
19-->src/main/AndroidManifest.xml:10:9-64
20        android:label="@string/app_name"
20-->src/main/AndroidManifest.xml:11:9-41
21        android:roundIcon="@drawable/ic_dynatrace_shamrockgreen_700"
21-->src/main/AndroidManifest.xml:12:9-69
22        android:supportsRtl="true"
22-->src/main/AndroidManifest.xml:13:9-35
23        android:testOnly="true" >
24        <meta-data
24-->src/main/AndroidManifest.xml:15:9-17:57
25            android:name="preloaded_fonts"
25-->src/main/AndroidManifest.xml:16:13-43
26            android:resource="@array/preloaded_fonts" />
26-->src/main/AndroidManifest.xml:17:13-54
27
28        <activity
28-->src/main/AndroidManifest.xml:19:9-28:20
29            android:name="com.dynatrace.sampleAndroid.MainActivity"
29-->src/main/AndroidManifest.xml:20:13-41
30            android:label="@string/app_name"
30-->src/main/AndroidManifest.xml:21:13-45
31            android:theme="@style/Theme.Dynatrace.Dark" >
31-->src/main/AndroidManifest.xml:22:13-56
32            <intent-filter>
32-->src/main/AndroidManifest.xml:23:13-27:29
33                <action android:name="android.intent.action.MAIN" />
33-->src/main/AndroidManifest.xml:24:17-69
33-->src/main/AndroidManifest.xml:24:25-66
34
35                <category android:name="android.intent.category.LAUNCHER" />
35-->src/main/AndroidManifest.xml:26:17-77
35-->src/main/AndroidManifest.xml:26:27-74
36            </intent-filter>
37        </activity>
38        <activity
38-->src/main/AndroidManifest.xml:29:9-33:64
39            android:name="com.dynatrace.sampleAndroid.AutomaticInstrumentationActivity"
39-->src/main/AndroidManifest.xml:30:13-61
40            android:label="@string/title_activity_auto_instrumentation"
40-->src/main/AndroidManifest.xml:31:13-72
41            android:parentActivityName="com.dynatrace.sampleAndroid.MainActivity"
41-->src/main/AndroidManifest.xml:32:13-55
42            android:theme="@style/Theme.Dynatrace.Light.Uem" />
42-->src/main/AndroidManifest.xml:33:13-61
43        <activity
43-->src/main/AndroidManifest.xml:34:9-38:64
44            android:name="com.dynatrace.sampleAndroid.ManualInstrumentationActivity"
44-->src/main/AndroidManifest.xml:35:13-58
45            android:label="@string/title_activity_manual_instrumentation"
45-->src/main/AndroidManifest.xml:36:13-74
46            android:parentActivityName="com.dynatrace.sampleAndroid.MainActivity"
46-->src/main/AndroidManifest.xml:37:13-55
47            android:theme="@style/Theme.Dynatrace.Light.Uem" />
47-->src/main/AndroidManifest.xml:38:13-61
48    </application>
49
50</manifest>